<?xml version="1.0" encoding="UTF-8" ?>
<testsuite failures="0" time="0.381" errors="0" skipped="0" tests="3" name="TestSuite">
  <properties>
    <property name="java.runtime.name" value="Java(TM) SE Runtime Environment"/>
    <property name="sun.boot.library.path" value="C:\Program Files\Java\jre6\bin"/>
    <property name="java.vm.version" value="16.3-b01"/>
    <property name="java.vm.vendor" value="Sun Microsystems Inc."/>
    <property name="java.vendor.url" value="http://java.sun.com/"/>
    <property name="path.separator" value=";"/>
    <property name="java.vm.name" value="Java HotSpot(TM) Client VM"/>
    <property name="file.encoding.pkg" value="sun.io"/>
    <property name="user.country" value="GB"/>
    <property name="sun.java.launcher" value="SUN_STANDARD"/>
    <property name="sun.os.patch.level" value=""/>
    <property name="java.vm.specification.name" value="Java Virtual Machine Specification"/>
    <property name="user.dir" value="C:\SE\Automation\WorkSpace\JAGS_SELENIUM_JAVA\SelFw"/>
    <property name="java.runtime.version" value="1.6.0_20-b02"/>
    <property name="java.awt.graphicsenv" value="sun.awt.Win32GraphicsEnvironment"/>
    <property name="basedir" value="C:\SE\Automation\WorkSpace\JAGS_SELENIUM_JAVA\SelFw"/>
    <property name="java.endorsed.dirs" value="C:\Program Files\Java\jre6\lib\endorsed"/>
    <property name="os.arch" value="x86"/>
    <property name="surefire.real.class.path" value="C:\Users\JVendi\AppData\Local\Temp\surefirebooter4526142572676377423.jar"/>
    <property name="java.io.tmpdir" value="C:\Users\JVendi\AppData\Local\Temp\"/>
    <property name="line.separator" value="
"/>
    <property name="java.vm.specification.vendor" value="Sun Microsystems Inc."/>
    <property name="user.variant" value=""/>
    <property name="os.name" value="Windows 7"/>
    <property name="sun.jnu.encoding" value="Cp1252"/>
    <property name="java.library.path" value="C:\Program Files\Java\jre6\bin;.;C:\Windows\Sun\Java\bin;C:\Windows\system32;C:\Windows;C:/Program Files/Java/jre6/bin/client;C:/Program Files/Java/jre6/bin;C:/Program Files/Java/jre6/lib/i386;C:\Windows\system32;C:\Windows;C:\Windows\System32\Wbem;C:\Windows\System32\WindowsPowerShell\v1.0\;C:\Program Files\QuickTime\QTSystem\;C:\Program Files\Citrix\system32\;C:\eclipse\eclipse;"/>
    <property name="surefire.test.class.path" value="C:\SE\Automation\WorkSpace\JAGS_SELENIUM_JAVA\SelFw\target\test-classes;C:\SE\Automation\WorkSpace\JAGS_SELENIUM_JAVA\SelFw\target\classes;\\newsint.internal\userdata\central\useri-l\profile\JVendi\.m2\repository\org\testng\testng\5.11\testng-5.11-jdk15.jar;\\newsint.internal\userdata\central\useri-l\profile\JVendi\.m2\repository\org\seleniumhq\selenium\selenium-java\2.23.1\selenium-java-2.23.1.jar;\\newsint.internal\userdata\central\useri-l\profile\JVendi\.m2\repository\org\seleniumhq\selenium\selenium-android-driver\2.23.1\selenium-android-driver-2.23.1.jar;\\newsint.internal\userdata\central\useri-l\profile\JVendi\.m2\repository\org\seleniumhq\selenium\selenium-remote-driver\2.23.1\selenium-remote-driver-2.23.1.jar;\\newsint.internal\userdata\central\useri-l\profile\JVendi\.m2\repository\cglib\cglib-nodep\2.1_3\cglib-nodep-2.1_3.jar;\\newsint.internal\userdata\central\useri-l\profile\JVendi\.m2\repository\org\json\json\20080701\json-20080701.jar;\\newsint.internal\userdata\central\useri-l\profile\JVendi\.m2\repository\com\google\guava\guava\12.0\guava-12.0.jar;\\newsint.internal\userdata\central\useri-l\profile\JVendi\.m2\repository\com\google\code\findbugs\jsr305\1.3.9\jsr305-1.3.9.jar;\\newsint.internal\userdata\central\useri-l\profile\JVendi\.m2\repository\org\seleniumhq\selenium\selenium-chrome-driver\2.23.1\selenium-chrome-driver-2.23.1.jar;\\newsint.internal\userdata\central\useri-l\profile\JVendi\.m2\repository\org\seleniumhq\selenium\selenium-htmlunit-driver\2.23.1\selenium-htmlunit-driver-2.23.1.jar;\\newsint.internal\userdata\central\useri-l\profile\JVendi\.m2\repository\org\seleniumhq\selenium\selenium-api\2.23.1\selenium-api-2.23.1.jar;\\newsint.internal\userdata\central\useri-l\profile\JVendi\.m2\repository\net\sourceforge\htmlunit\htmlunit\2.9\htmlunit-2.9.jar;\\newsint.internal\userdata\central\useri-l\profile\JVendi\.m2\repository\xalan\xalan\2.7.1\xalan-2.7.1.jar;\\newsint.internal\userdata\central\useri-l\profile\JVendi\.m2\repository\xalan\serializer\2.7.1\serializer-2.7.1.jar;\\newsint.internal\userdata\central\useri-l\profile\JVendi\.m2\repository\commons-collections\commons-collections\3.2.1\commons-collections-3.2.1.jar;\\newsint.internal\userdata\central\useri-l\profile\JVendi\.m2\repository\org\apache\httpcomponents\httpmime\4.1.2\httpmime-4.1.2.jar;\\newsint.internal\userdata\central\useri-l\profile\JVendi\.m2\repository\net\sourceforge\htmlunit\htmlunit-core-js\2.9\htmlunit-core-js-2.9.jar;\\newsint.internal\userdata\central\useri-l\profile\JVendi\.m2\repository\xerces\xercesImpl\2.9.1\xercesImpl-2.9.1.jar;\\newsint.internal\userdata\central\useri-l\profile\JVendi\.m2\repository\xml-apis\xml-apis\1.3.04\xml-apis-1.3.04.jar;\\newsint.internal\userdata\central\useri-l\profile\JVendi\.m2\repository\net\sourceforge\nekohtml\nekohtml\1.9.15\nekohtml-1.9.15.jar;\\newsint.internal\userdata\central\useri-l\profile\JVendi\.m2\repository\net\sourceforge\cssparser\cssparser\0.9.5\cssparser-0.9.5.jar;\\newsint.internal\userdata\central\useri-l\profile\JVendi\.m2\repository\org\w3c\css\sac\1.3\sac-1.3.jar;\\newsint.internal\userdata\central\useri-l\profile\JVendi\.m2\repository\org\apache\httpcomponents\httpclient\4.1.2\httpclient-4.1.2.jar;\\newsint.internal\userdata\central\useri-l\profile\JVendi\.m2\repository\org\apache\httpcomponents\httpcore\4.1.2\httpcore-4.1.2.jar;\\newsint.internal\userdata\central\useri-l\profile\JVendi\.m2\repository\org\seleniumhq\selenium\selenium-firefox-driver\2.23.1\selenium-firefox-driver-2.23.1.jar;\\newsint.internal\userdata\central\useri-l\profile\JVendi\.m2\repository\commons-io\commons-io\2.0.1\commons-io-2.0.1.jar;\\newsint.internal\userdata\central\useri-l\profile\JVendi\.m2\repository\org\apache\commons\commons-exec\1.1\commons-exec-1.1.jar;\\newsint.internal\userdata\central\useri-l\profile\JVendi\.m2\repository\org\seleniumhq\selenium\selenium-ie-driver\2.23.1\selenium-ie-driver-2.23.1.jar;\\newsint.internal\userdata\central\useri-l\profile\JVendi\.m2\repository\net\java\dev\jna\jna\3.4.0\jna-3.4.0.jar;\\newsint.internal\userdata\central\useri-l\profile\JVendi\.m2\repository\net\java\dev\jna\platform\3.4.0\platform-3.4.0.jar;\\newsint.internal\userdata\central\useri-l\profile\JVendi\.m2\repository\org\seleniumhq\selenium\selenium-iphone-driver\2.23.1\selenium-iphone-driver-2.23.1.jar;\\newsint.internal\userdata\central\useri-l\profile\JVendi\.m2\repository\org\seleniumhq\selenium\selenium-safari-driver\2.23.1\selenium-safari-driver-2.23.1.jar;\\newsint.internal\userdata\central\useri-l\profile\JVendi\.m2\repository\org\seleniumhq\selenium\selenium-support\2.23.1\selenium-support-2.23.1.jar;\\newsint.internal\userdata\central\useri-l\profile\JVendi\.m2\repository\org\webbitserver\webbit\0.4.6\webbit-0.4.6.jar;\\newsint.internal\userdata\central\useri-l\profile\JVendi\.m2\repository\org\jboss\netty\netty\3.2.7.Final\netty-3.2.7.Final.jar;\\newsint.internal\userdata\central\useri-l\profile\JVendi\.m2\repository\org\seleniumhq\selenium\selenium-server\2.3.1\selenium-server-2.3.1.jar;\\newsint.internal\userdata\central\useri-l\profile\JVendi\.m2\repository\bouncycastle\bcprov-jdk15\135\bcprov-jdk15-135.jar;\\newsint.internal\userdata\central\useri-l\profile\JVendi\.m2\repository\mx4j\mx4j-tools\3.0.1\mx4j-tools-3.0.1.jar;\\newsint.internal\userdata\central\useri-l\profile\JVendi\.m2\repository\org\mortbay\jetty\servlet-api-2.5\6.1.9\servlet-api-2.5-6.1.9.jar;\\newsint.internal\userdata\central\useri-l\profile\JVendi\.m2\repository\org\yaml\snakeyaml\1.8\snakeyaml-1.8.jar;\\newsint.internal\userdata\central\useri-l\profile\JVendi\.m2\repository\commons-httpclient\commons-httpclient\3.1\commons-httpclient-3.1.jar;\\newsint.internal\userdata\central\useri-l\profile\JVendi\.m2\repository\commons-logging\commons-logging\1.0.4\commons-logging-1.0.4.jar;\\newsint.internal\userdata\central\useri-l\profile\JVendi\.m2\repository\commons-codec\commons-codec\1.2\commons-codec-1.2.jar;\\newsint.internal\userdata\central\useri-l\profile\JVendi\.m2\repository\com\healthmarketscience\jackcess\jackcess\1.1.18\jackcess-1.1.18.jar;\\newsint.internal\userdata\central\useri-l\profile\JVendi\.m2\repository\commons-lang\commons-lang\2.0\commons-lang-2.0.jar;\\newsint.internal\userdata\central\useri-l\profile\JVendi\.m2\repository\junit\junit\4.10\junit-4.10.jar;\\newsint.internal\userdata\central\useri-l\profile\JVendi\.m2\repository\org\hamcrest\hamcrest-core\1.1\hamcrest-core-1.1.jar;"/>
    <property name="app.env" value=""/>
    <property name="java.specification.name" value="Java Platform API Specification"/>
    <property name="java.class.version" value="50.0"/>
    <property name="sun.management.compiler" value="HotSpot Client Compiler"/>
    <property name="os.version" value="6.1"/>
    <property name="user.home" value="\\newsint.internal\userdata\central\useri-l\profile\JVendi"/>
    <property name="user.timezone" value="Europe/London"/>
    <property name="java.awt.printerjob" value="sun.awt.windows.WPrinterJob"/>
    <property name="java.specification.version" value="1.6"/>
    <property name="file.encoding" value="Cp1252"/>
    <property name="user.name" value="JVendi"/>
    <property name="java.class.path" value="C:\SE\Automation\WorkSpace\JAGS_SELENIUM_JAVA\SelFw\target\test-classes;C:\SE\Automation\WorkSpace\JAGS_SELENIUM_JAVA\SelFw\target\classes;\\newsint.internal\userdata\central\useri-l\profile\JVendi\.m2\repository\org\testng\testng\5.11\testng-5.11-jdk15.jar;\\newsint.internal\userdata\central\useri-l\profile\JVendi\.m2\repository\org\seleniumhq\selenium\selenium-java\2.23.1\selenium-java-2.23.1.jar;\\newsint.internal\userdata\central\useri-l\profile\JVendi\.m2\repository\org\seleniumhq\selenium\selenium-android-driver\2.23.1\selenium-android-driver-2.23.1.jar;\\newsint.internal\userdata\central\useri-l\profile\JVendi\.m2\repository\org\seleniumhq\selenium\selenium-remote-driver\2.23.1\selenium-remote-driver-2.23.1.jar;\\newsint.internal\userdata\central\useri-l\profile\JVendi\.m2\repository\cglib\cglib-nodep\2.1_3\cglib-nodep-2.1_3.jar;\\newsint.internal\userdata\central\useri-l\profile\JVendi\.m2\repository\org\json\json\20080701\json-20080701.jar;\\newsint.internal\userdata\central\useri-l\profile\JVendi\.m2\repository\com\google\guava\guava\12.0\guava-12.0.jar;\\newsint.internal\userdata\central\useri-l\profile\JVendi\.m2\repository\com\google\code\findbugs\jsr305\1.3.9\jsr305-1.3.9.jar;\\newsint.internal\userdata\central\useri-l\profile\JVendi\.m2\repository\org\seleniumhq\selenium\selenium-chrome-driver\2.23.1\selenium-chrome-driver-2.23.1.jar;\\newsint.internal\userdata\central\useri-l\profile\JVendi\.m2\repository\org\seleniumhq\selenium\selenium-htmlunit-driver\2.23.1\selenium-htmlunit-driver-2.23.1.jar;\\newsint.internal\userdata\central\useri-l\profile\JVendi\.m2\repository\org\seleniumhq\selenium\selenium-api\2.23.1\selenium-api-2.23.1.jar;\\newsint.internal\userdata\central\useri-l\profile\JVendi\.m2\repository\net\sourceforge\htmlunit\htmlunit\2.9\htmlunit-2.9.jar;\\newsint.internal\userdata\central\useri-l\profile\JVendi\.m2\repository\xalan\xalan\2.7.1\xalan-2.7.1.jar;\\newsint.internal\userdata\central\useri-l\profile\JVendi\.m2\repository\xalan\serializer\2.7.1\serializer-2.7.1.jar;\\newsint.internal\userdata\central\useri-l\profile\JVendi\.m2\repository\commons-collections\commons-collections\3.2.1\commons-collections-3.2.1.jar;\\newsint.internal\userdata\central\useri-l\profile\JVendi\.m2\repository\org\apache\httpcomponents\httpmime\4.1.2\httpmime-4.1.2.jar;\\newsint.internal\userdata\central\useri-l\profile\JVendi\.m2\repository\net\sourceforge\htmlunit\htmlunit-core-js\2.9\htmlunit-core-js-2.9.jar;\\newsint.internal\userdata\central\useri-l\profile\JVendi\.m2\repository\xerces\xercesImpl\2.9.1\xercesImpl-2.9.1.jar;\\newsint.internal\userdata\central\useri-l\profile\JVendi\.m2\repository\xml-apis\xml-apis\1.3.04\xml-apis-1.3.04.jar;\\newsint.internal\userdata\central\useri-l\profile\JVendi\.m2\repository\net\sourceforge\nekohtml\nekohtml\1.9.15\nekohtml-1.9.15.jar;\\newsint.internal\userdata\central\useri-l\profile\JVendi\.m2\repository\net\sourceforge\cssparser\cssparser\0.9.5\cssparser-0.9.5.jar;\\newsint.internal\userdata\central\useri-l\profile\JVendi\.m2\repository\org\w3c\css\sac\1.3\sac-1.3.jar;\\newsint.internal\userdata\central\useri-l\profile\JVendi\.m2\repository\org\apache\httpcomponents\httpclient\4.1.2\httpclient-4.1.2.jar;\\newsint.internal\userdata\central\useri-l\profile\JVendi\.m2\repository\org\apache\httpcomponents\httpcore\4.1.2\httpcore-4.1.2.jar;\\newsint.internal\userdata\central\useri-l\profile\JVendi\.m2\repository\org\seleniumhq\selenium\selenium-firefox-driver\2.23.1\selenium-firefox-driver-2.23.1.jar;\\newsint.internal\userdata\central\useri-l\profile\JVendi\.m2\repository\commons-io\commons-io\2.0.1\commons-io-2.0.1.jar;\\newsint.internal\userdata\central\useri-l\profile\JVendi\.m2\repository\org\apache\commons\commons-exec\1.1\commons-exec-1.1.jar;\\newsint.internal\userdata\central\useri-l\profile\JVendi\.m2\repository\org\seleniumhq\selenium\selenium-ie-driver\2.23.1\selenium-ie-driver-2.23.1.jar;\\newsint.internal\userdata\central\useri-l\profile\JVendi\.m2\repository\net\java\dev\jna\jna\3.4.0\jna-3.4.0.jar;\\newsint.internal\userdata\central\useri-l\profile\JVendi\.m2\repository\net\java\dev\jna\platform\3.4.0\platform-3.4.0.jar;\\newsint.internal\userdata\central\useri-l\profile\JVendi\.m2\repository\org\seleniumhq\selenium\selenium-iphone-driver\2.23.1\selenium-iphone-driver-2.23.1.jar;\\newsint.internal\userdata\central\useri-l\profile\JVendi\.m2\repository\org\seleniumhq\selenium\selenium-safari-driver\2.23.1\selenium-safari-driver-2.23.1.jar;\\newsint.internal\userdata\central\useri-l\profile\JVendi\.m2\repository\org\seleniumhq\selenium\selenium-support\2.23.1\selenium-support-2.23.1.jar;\\newsint.internal\userdata\central\useri-l\profile\JVendi\.m2\repository\org\webbitserver\webbit\0.4.6\webbit-0.4.6.jar;\\newsint.internal\userdata\central\useri-l\profile\JVendi\.m2\repository\org\jboss\netty\netty\3.2.7.Final\netty-3.2.7.Final.jar;\\newsint.internal\userdata\central\useri-l\profile\JVendi\.m2\repository\org\seleniumhq\selenium\selenium-server\2.3.1\selenium-server-2.3.1.jar;\\newsint.internal\userdata\central\useri-l\profile\JVendi\.m2\repository\bouncycastle\bcprov-jdk15\135\bcprov-jdk15-135.jar;\\newsint.internal\userdata\central\useri-l\profile\JVendi\.m2\repository\mx4j\mx4j-tools\3.0.1\mx4j-tools-3.0.1.jar;\\newsint.internal\userdata\central\useri-l\profile\JVendi\.m2\repository\org\mortbay\jetty\servlet-api-2.5\6.1.9\servlet-api-2.5-6.1.9.jar;\\newsint.internal\userdata\central\useri-l\profile\JVendi\.m2\repository\org\yaml\snakeyaml\1.8\snakeyaml-1.8.jar;\\newsint.internal\userdata\central\useri-l\profile\JVendi\.m2\repository\commons-httpclient\commons-httpclient\3.1\commons-httpclient-3.1.jar;\\newsint.internal\userdata\central\useri-l\profile\JVendi\.m2\repository\commons-logging\commons-logging\1.0.4\commons-logging-1.0.4.jar;\\newsint.internal\userdata\central\useri-l\profile\JVendi\.m2\repository\commons-codec\commons-codec\1.2\commons-codec-1.2.jar;\\newsint.internal\userdata\central\useri-l\profile\JVendi\.m2\repository\com\healthmarketscience\jackcess\jackcess\1.1.18\jackcess-1.1.18.jar;\\newsint.internal\userdata\central\useri-l\profile\JVendi\.m2\repository\commons-lang\commons-lang\2.0\commons-lang-2.0.jar;\\newsint.internal\userdata\central\useri-l\profile\JVendi\.m2\repository\junit\junit\4.10\junit-4.10.jar;\\newsint.internal\userdata\central\useri-l\profile\JVendi\.m2\repository\org\hamcrest\hamcrest-core\1.1\hamcrest-core-1.1.jar;"/>
    <property name="java.vm.specification.version" value="1.0"/>
    <property name="sun.arch.data.model" value="32"/>
    <property name="java.home" value="C:\Program Files\Java\jre6"/>
    <property name="java.specification.vendor" value="Sun Microsystems Inc."/>
    <property name="user.language" value="en"/>
    <property name="awt.toolkit" value="sun.awt.windows.WToolkit"/>
    <property name="java.vm.info" value="mixed mode, sharing"/>
    <property name="java.version" value="1.6.0_20"/>
    <property name="java.ext.dirs" value="C:\Program Files\Java\jre6\lib\ext;C:\Windows\Sun\Java\lib\ext"/>
    <property name="sun.boot.class.path" value="C:\Program Files\Java\jre6\lib\resources.jar;C:\Program Files\Java\jre6\lib\rt.jar;C:\Program Files\Java\jre6\lib\sunrsasign.jar;C:\Program Files\Java\jre6\lib\jsse.jar;C:\Program Files\Java\jre6\lib\jce.jar;C:\Program Files\Java\jre6\lib\charsets.jar;C:\Program Files\Java\jre6\classes"/>
    <property name="java.vendor" value="Sun Microsystems Inc."/>
    <property name="localRepository" value="\\newsint.internal\userdata\central\useri-l\profile\JVendi\.m2\repository"/>
    <property name="file.separator" value="\"/>
    <property name="java.vendor.url.bug" value="http://java.sun.com/cgi-bin/bugreport.cgi"/>
    <property name="sun.cpu.endian" value="little"/>
    <property name="sun.io.unicode.encoding" value="UnicodeLittle"/>
    <property name="sun.desktop" value="windows"/>
    <property name="sun.cpu.isalist" value="pentium_pro+mmx pentium_pro pentium+mmx pentium i486 i386 i86"/>
  </properties>
  <testcase time="0.004" classname="ArgosTest" name="testEmptyCollection"/>
  <testcase time="0" classname="ArgosTest" name="testOneItemCollection"/>
  <testcase time="0" classname="ArgosTest" name="testSomething"/>
</testsuite>