<?xml version="1.0" encoding="UTF-8" ?>
<testsuite failures="0" time="1.246" errors="0" skipped="0" tests="3" name="TestSuite">
  <properties>
    <property name="java.runtime.name" value="Java(TM) SE Runtime Environment"/>
    <property name="sun.boot.library.path" value="C:\Program Files\Java\jre7\bin"/>
    <property name="java.vm.version" value="22.0-b10"/>
    <property name="java.vm.vendor" value="Oracle Corporation"/>
    <property name="java.vendor.url" value="http://java.oracle.com/"/>
    <property name="path.separator" value=";"/>
    <property name="java.vm.name" value="Java HotSpot(TM) 64-Bit Server VM"/>
    <property name="file.encoding.pkg" value="sun.io"/>
    <property name="user.script" value=""/>
    <property name="user.country" value="US"/>
    <property name="sun.java.launcher" value="SUN_STANDARD"/>
    <property name="sun.os.patch.level" value="Service Pack 1"/>
    <property name="java.vm.specification.name" value="Java Virtual Machine Specification"/>
    <property name="user.dir" value="C:\SEL\WS\SelFw"/>
    <property name="java.runtime.version" value="1.7.0_02-b13"/>
    <property name="java.awt.graphicsenv" value="sun.awt.Win32GraphicsEnvironment"/>
    <property name="basedir" value="C:\SEL\WS\SelFw"/>
    <property name="java.endorsed.dirs" value="C:\Program Files\Java\jre7\lib\endorsed"/>
    <property name="os.arch" value="amd64"/>
    <property name="surefire.real.class.path" value="C:\Users\priya\AppData\Local\Temp\surefirebooter9033442814359861218.jar"/>
    <property name="java.io.tmpdir" value="C:\Users\priya\AppData\Local\Temp\"/>
    <property name="line.separator" value="
"/>
    <property name="java.vm.specification.vendor" value="Oracle Corporation"/>
    <property name="user.variant" value=""/>
    <property name="os.name" value="Windows 7"/>
    <property name="sun.jnu.encoding" value="Cp1252"/>
    <property name="java.library.path" value="C:\Program Files\Java\jre7\bin;C:\Windows\Sun\Java\bin;C:\Windows\system32;C:\Windows;C:\Windows\system32;C:\Windows;C:\Windows\System32\Wbem;C:\Windows\System32\WindowsPowerShell\v1.0\;C:\Program Files (x86)\QuickTime\QTSystem\;C:\SEL\apache-maven\bin;C:\java\jdk7\bin;C:\Program Files (x86)\jZip;C:\Program Files (x86)\Microsoft SQL Server\90\Tools\binn\;."/>
    <property name="surefire.test.class.path" value="C:\SEL\WS\SelFw\target\test-classes;C:\SEL\WS\SelFw\target\classes;C:\Users\priya\.m2\repository\org\testng\testng\5.11\testng-5.11-jdk15.jar;C:\Users\priya\.m2\repository\junit\junit\3.8.1\junit-3.8.1.jar;C:\Users\priya\.m2\repository\org\seleniumhq\selenium\selenium-java\2.23.1\selenium-java-2.23.1.jar;C:\Users\priya\.m2\repository\org\seleniumhq\selenium\selenium-android-driver\2.23.1\selenium-android-driver-2.23.1.jar;C:\Users\priya\.m2\repository\org\seleniumhq\selenium\selenium-remote-driver\2.23.1\selenium-remote-driver-2.23.1.jar;C:\Users\priya\.m2\repository\cglib\cglib-nodep\2.1_3\cglib-nodep-2.1_3.jar;C:\Users\priya\.m2\repository\org\json\json\20080701\json-20080701.jar;C:\Users\priya\.m2\repository\com\google\guava\guava\12.0\guava-12.0.jar;C:\Users\priya\.m2\repository\com\google\code\findbugs\jsr305\1.3.9\jsr305-1.3.9.jar;C:\Users\priya\.m2\repository\org\seleniumhq\selenium\selenium-chrome-driver\2.23.1\selenium-chrome-driver-2.23.1.jar;C:\Users\priya\.m2\repository\org\seleniumhq\selenium\selenium-htmlunit-driver\2.23.1\selenium-htmlunit-driver-2.23.1.jar;C:\Users\priya\.m2\repository\org\seleniumhq\selenium\selenium-api\2.23.1\selenium-api-2.23.1.jar;C:\Users\priya\.m2\repository\net\sourceforge\htmlunit\htmlunit\2.9\htmlunit-2.9.jar;C:\Users\priya\.m2\repository\xalan\xalan\2.7.1\xalan-2.7.1.jar;C:\Users\priya\.m2\repository\xalan\serializer\2.7.1\serializer-2.7.1.jar;C:\Users\priya\.m2\repository\commons-collections\commons-collections\3.2.1\commons-collections-3.2.1.jar;C:\Users\priya\.m2\repository\org\apache\httpcomponents\httpmime\4.1.2\httpmime-4.1.2.jar;C:\Users\priya\.m2\repository\net\sourceforge\htmlunit\htmlunit-core-js\2.9\htmlunit-core-js-2.9.jar;C:\Users\priya\.m2\repository\xerces\xercesImpl\2.9.1\xercesImpl-2.9.1.jar;C:\Users\priya\.m2\repository\xml-apis\xml-apis\1.3.04\xml-apis-1.3.04.jar;C:\Users\priya\.m2\repository\net\sourceforge\nekohtml\nekohtml\1.9.15\nekohtml-1.9.15.jar;C:\Users\priya\.m2\repository\net\sourceforge\cssparser\cssparser\0.9.5\cssparser-0.9.5.jar;C:\Users\priya\.m2\repository\org\w3c\css\sac\1.3\sac-1.3.jar;C:\Users\priya\.m2\repository\org\apache\httpcomponents\httpclient\4.1.2\httpclient-4.1.2.jar;C:\Users\priya\.m2\repository\org\apache\httpcomponents\httpcore\4.1.2\httpcore-4.1.2.jar;C:\Users\priya\.m2\repository\org\seleniumhq\selenium\selenium-firefox-driver\2.23.1\selenium-firefox-driver-2.23.1.jar;C:\Users\priya\.m2\repository\commons-io\commons-io\2.0.1\commons-io-2.0.1.jar;C:\Users\priya\.m2\repository\org\apache\commons\commons-exec\1.1\commons-exec-1.1.jar;C:\Users\priya\.m2\repository\org\seleniumhq\selenium\selenium-ie-driver\2.23.1\selenium-ie-driver-2.23.1.jar;C:\Users\priya\.m2\repository\net\java\dev\jna\jna\3.4.0\jna-3.4.0.jar;C:\Users\priya\.m2\repository\net\java\dev\jna\platform\3.4.0\platform-3.4.0.jar;C:\Users\priya\.m2\repository\org\seleniumhq\selenium\selenium-iphone-driver\2.23.1\selenium-iphone-driver-2.23.1.jar;C:\Users\priya\.m2\repository\org\seleniumhq\selenium\selenium-safari-driver\2.23.1\selenium-safari-driver-2.23.1.jar;C:\Users\priya\.m2\repository\org\seleniumhq\selenium\selenium-support\2.23.1\selenium-support-2.23.1.jar;C:\Users\priya\.m2\repository\org\webbitserver\webbit\0.4.6\webbit-0.4.6.jar;C:\Users\priya\.m2\repository\org\jboss\netty\netty\3.2.7.Final\netty-3.2.7.Final.jar;C:\Users\priya\.m2\repository\org\seleniumhq\selenium\selenium-server\2.0a5\selenium-server-2.0a5.jar;C:\Users\priya\.m2\repository\ant\ant\1.6.5\ant-1.6.5.jar;C:\Users\priya\.m2\repository\bouncycastle\bcprov-jdk15\135\bcprov-jdk15-135.jar;C:\Users\priya\.m2\repository\mx4j\mx4j-tools\3.0.1\mx4j-tools-3.0.1.jar;C:\Users\priya\.m2\repository\org\mortbay\jetty\servlet-api-2.5\6.1.9\servlet-api-2.5-6.1.9.jar;C:\Users\priya\.m2\repository\commons-httpclient\commons-httpclient\3.1\commons-httpclient-3.1.jar;C:\Users\priya\.m2\repository\commons-logging\commons-logging\1.0.4\commons-logging-1.0.4.jar;C:\Users\priya\.m2\repository\commons-codec\commons-codec\1.2\commons-codec-1.2.jar;C:\Users\priya\.m2\repository\com\healthmarketscience\jackcess\jackcess\1.1.18\jackcess-1.1.18.jar;C:\Users\priya\.m2\repository\commons-lang\commons-lang\2.0\commons-lang-2.0.jar;"/>
    <property name="app.env" value=""/>
    <property name="java.specification.name" value="Java Platform API Specification"/>
    <property name="java.class.version" value="51.0"/>
    <property name="sun.management.compiler" value="HotSpot 64-Bit Tiered Compilers"/>
    <property name="os.version" value="6.1"/>
    <property name="user.home" value="C:\Users\priya"/>
    <property name="user.timezone" value="Europe/London"/>
    <property name="java.awt.printerjob" value="sun.awt.windows.WPrinterJob"/>
    <property name="java.specification.version" value="1.7"/>
    <property name="file.encoding" value="Cp1252"/>
    <property name="user.name" value="priya"/>
    <property name="java.class.path" value="C:\SEL\WS\SelFw\target\test-classes;C:\SEL\WS\SelFw\target\classes;C:\Users\priya\.m2\repository\org\testng\testng\5.11\testng-5.11-jdk15.jar;C:\Users\priya\.m2\repository\junit\junit\3.8.1\junit-3.8.1.jar;C:\Users\priya\.m2\repository\org\seleniumhq\selenium\selenium-java\2.23.1\selenium-java-2.23.1.jar;C:\Users\priya\.m2\repository\org\seleniumhq\selenium\selenium-android-driver\2.23.1\selenium-android-driver-2.23.1.jar;C:\Users\priya\.m2\repository\org\seleniumhq\selenium\selenium-remote-driver\2.23.1\selenium-remote-driver-2.23.1.jar;C:\Users\priya\.m2\repository\cglib\cglib-nodep\2.1_3\cglib-nodep-2.1_3.jar;C:\Users\priya\.m2\repository\org\json\json\20080701\json-20080701.jar;C:\Users\priya\.m2\repository\com\google\guava\guava\12.0\guava-12.0.jar;C:\Users\priya\.m2\repository\com\google\code\findbugs\jsr305\1.3.9\jsr305-1.3.9.jar;C:\Users\priya\.m2\repository\org\seleniumhq\selenium\selenium-chrome-driver\2.23.1\selenium-chrome-driver-2.23.1.jar;C:\Users\priya\.m2\repository\org\seleniumhq\selenium\selenium-htmlunit-driver\2.23.1\selenium-htmlunit-driver-2.23.1.jar;C:\Users\priya\.m2\repository\org\seleniumhq\selenium\selenium-api\2.23.1\selenium-api-2.23.1.jar;C:\Users\priya\.m2\repository\net\sourceforge\htmlunit\htmlunit\2.9\htmlunit-2.9.jar;C:\Users\priya\.m2\repository\xalan\xalan\2.7.1\xalan-2.7.1.jar;C:\Users\priya\.m2\repository\xalan\serializer\2.7.1\serializer-2.7.1.jar;C:\Users\priya\.m2\repository\commons-collections\commons-collections\3.2.1\commons-collections-3.2.1.jar;C:\Users\priya\.m2\repository\org\apache\httpcomponents\httpmime\4.1.2\httpmime-4.1.2.jar;C:\Users\priya\.m2\repository\net\sourceforge\htmlunit\htmlunit-core-js\2.9\htmlunit-core-js-2.9.jar;C:\Users\priya\.m2\repository\xerces\xercesImpl\2.9.1\xercesImpl-2.9.1.jar;C:\Users\priya\.m2\repository\xml-apis\xml-apis\1.3.04\xml-apis-1.3.04.jar;C:\Users\priya\.m2\repository\net\sourceforge\nekohtml\nekohtml\1.9.15\nekohtml-1.9.15.jar;C:\Users\priya\.m2\repository\net\sourceforge\cssparser\cssparser\0.9.5\cssparser-0.9.5.jar;C:\Users\priya\.m2\repository\org\w3c\css\sac\1.3\sac-1.3.jar;C:\Users\priya\.m2\repository\org\apache\httpcomponents\httpclient\4.1.2\httpclient-4.1.2.jar;C:\Users\priya\.m2\repository\org\apache\httpcomponents\httpcore\4.1.2\httpcore-4.1.2.jar;C:\Users\priya\.m2\repository\org\seleniumhq\selenium\selenium-firefox-driver\2.23.1\selenium-firefox-driver-2.23.1.jar;C:\Users\priya\.m2\repository\commons-io\commons-io\2.0.1\commons-io-2.0.1.jar;C:\Users\priya\.m2\repository\org\apache\commons\commons-exec\1.1\commons-exec-1.1.jar;C:\Users\priya\.m2\repository\org\seleniumhq\selenium\selenium-ie-driver\2.23.1\selenium-ie-driver-2.23.1.jar;C:\Users\priya\.m2\repository\net\java\dev\jna\jna\3.4.0\jna-3.4.0.jar;C:\Users\priya\.m2\repository\net\java\dev\jna\platform\3.4.0\platform-3.4.0.jar;C:\Users\priya\.m2\repository\org\seleniumhq\selenium\selenium-iphone-driver\2.23.1\selenium-iphone-driver-2.23.1.jar;C:\Users\priya\.m2\repository\org\seleniumhq\selenium\selenium-safari-driver\2.23.1\selenium-safari-driver-2.23.1.jar;C:\Users\priya\.m2\repository\org\seleniumhq\selenium\selenium-support\2.23.1\selenium-support-2.23.1.jar;C:\Users\priya\.m2\repository\org\webbitserver\webbit\0.4.6\webbit-0.4.6.jar;C:\Users\priya\.m2\repository\org\jboss\netty\netty\3.2.7.Final\netty-3.2.7.Final.jar;C:\Users\priya\.m2\repository\org\seleniumhq\selenium\selenium-server\2.0a5\selenium-server-2.0a5.jar;C:\Users\priya\.m2\repository\ant\ant\1.6.5\ant-1.6.5.jar;C:\Users\priya\.m2\repository\bouncycastle\bcprov-jdk15\135\bcprov-jdk15-135.jar;C:\Users\priya\.m2\repository\mx4j\mx4j-tools\3.0.1\mx4j-tools-3.0.1.jar;C:\Users\priya\.m2\repository\org\mortbay\jetty\servlet-api-2.5\6.1.9\servlet-api-2.5-6.1.9.jar;C:\Users\priya\.m2\repository\commons-httpclient\commons-httpclient\3.1\commons-httpclient-3.1.jar;C:\Users\priya\.m2\repository\commons-logging\commons-logging\1.0.4\commons-logging-1.0.4.jar;C:\Users\priya\.m2\repository\commons-codec\commons-codec\1.2\commons-codec-1.2.jar;C:\Users\priya\.m2\repository\com\healthmarketscience\jackcess\jackcess\1.1.18\jackcess-1.1.18.jar;C:\Users\priya\.m2\repository\commons-lang\commons-lang\2.0\commons-lang-2.0.jar;"/>
    <property name="java.vm.specification.version" value="1.7"/>
    <property name="sun.arch.data.model" value="64"/>
    <property name="java.home" value="C:\Program Files\Java\jre7"/>
    <property name="sun.java.command" value="C:\Users\priya\AppData\Local\Temp\surefirebooter9033442814359861218.jar C:\Users\priya\AppData\Local\Temp\surefire4873668411697380146tmp C:\Users\priya\AppData\Local\Temp\surefire6730324278508380724tmp"/>
    <property name="java.specification.vendor" value="Oracle Corporation"/>
    <property name="user.language" value="en"/>
    <property name="awt.toolkit" value="sun.awt.windows.WToolkit"/>
    <property name="java.vm.info" value="mixed mode"/>
    <property name="java.version" value="1.7.0_02"/>
    <property name="java.ext.dirs" value="C:\Program Files\Java\jre7\lib\ext;C:\Windows\Sun\Java\lib\ext"/>
    <property name="sun.boot.class.path" value="C:\Program Files\Java\jre7\lib\resources.jar;C:\Program Files\Java\jre7\lib\rt.jar;C:\Program Files\Java\jre7\lib\sunrsasign.jar;C:\Program Files\Java\jre7\lib\jsse.jar;C:\Program Files\Java\jre7\lib\jce.jar;C:\Program Files\Java\jre7\lib\charsets.jar;C:\Program Files\Java\jre7\classes"/>
    <property name="java.vendor" value="Oracle Corporation"/>
    <property name="localRepository" value="C:\Users\priya\.m2\repository"/>
    <property name="file.separator" value="\"/>
    <property name="java.vendor.url.bug" value="http://bugreport.sun.com/bugreport/"/>
    <property name="sun.cpu.endian" value="little"/>
    <property name="sun.io.unicode.encoding" value="UnicodeLittle"/>
    <property name="sun.desktop" value="windows"/>
    <property name="sun.cpu.isalist" value="amd64"/>
  </properties>
  <testcase time="0.016" classname="ArgosTest" name="testEmptyCollection"/>
  <testcase time="0.002" classname="ArgosTest" name="testOneItemCollection"/>
  <testcase time="0.001" classname="ArgosTest" name="testSomething"/>
</testsuite>