<?xml version="1.0" encoding="UTF-8"?>
<!-- Generated by org.testng.reporters.JUnitReportReporter -->
<testsuite hostname="D103260" name="ACS_CRMN.CSRjourney" tests="4" failures="0" timestamp="16 Aug 2012 11:34:04 GMT" time="65.475" errors="0">
  <testcase name="A_custCreation" time="37.804" classname="ACS_CRMN.CSRjourney"/>
  <testcase name="C_CheckProfile" time="6.219" classname="ACS_CRMN.CSRjourney"/>
  <testcase name="D_CheckEntitlement" time="0.446" classname="ACS_CRMN.CSRjourney"/>
  <testcase name="B_custBankDetails" time="21.006" classname="ACS_CRMN.CSRjourney"/>
</testsuite> <!-- ACS_CRMN.CSRjourney -->
