<?xml version="1.0" encoding="UTF-8"?>
<!-- Generated by org.testng.reporters.JUnitReportReporter -->
<testsuite hostname="jags" name="ArgosTest" tests="2" failures="0" timestamp="22 Feb 2012 20:38:06 GMT" time="0.100" errors="0">
  <testcase name="testOneItemCollection" time="0.003" classname="ArgosTest"/>
  <testcase name="testEmptyCollection" time="0.097" classname="ArgosTest"/>
</testsuite> <!-- ArgosTest -->
