<?xml version="1.0" encoding="UTF-8"?>
<!-- Generated by org.testng.reporters.JUnitReportReporter -->
<testsuite hostname="D103260" name="ACS_CRMN.CSRjourney" tests="4" failures="0" timestamp="16 Aug 2012 14:10:02 GMT" time="64.129" errors="0">
  <testcase name="B_custBankDetails" time="21.272" classname="ACS_CRMN.CSRjourney"/>
  <testcase name="A_custCreation" time="37.443" classname="ACS_CRMN.CSRjourney"/>
  <testcase name="D_CheckEntitlement" time="0.160" classname="ACS_CRMN.CSRjourney"/>
  <testcase name="C_CheckProfile" time="5.254" classname="ACS_CRMN.CSRjourney"/>
</testsuite> <!-- ACS_CRMN.CSRjourney -->
