<?xml version="1.0" encoding="UTF-8"?>
<!-- Generated by org.testng.reporters.JUnitReportReporter -->
<testsuite hostname="D103260" name="ACS_CRMN.TLSjourney" tests="3" failures="0" timestamp="16 Aug 2012 13:58:31 GMT" time="43.241" errors="0">
  <testcase name="A_TLSwebJourney" time="27.900" classname="ACS_CRMN.TLSjourney"/>
  <testcase name="B_TLScheckProfile" time="10.162" classname="ACS_CRMN.TLSjourney"/>
  <testcase name="D_CheckEntitlement" time="5.179" classname="ACS_CRMN.TLSjourney"/>
</testsuite> <!-- ACS_CRMN.TLSjourney -->
