<?xml version="1.0" encoding="UTF-8"?>
<!-- Generated by org.testng.reporters.JUnitReportReporter -->
<testsuite hostname="D103260" name="ACS_CRMN.TLSjourney" tests="3" failures="0" timestamp="16 Aug 2012 14:10:02 GMT" time="44.228" errors="0">
  <testcase name="B_TLScheckProfile" time="10.138" classname="ACS_CRMN.TLSjourney"/>
  <testcase name="D_CheckEntitlement" time="5.215" classname="ACS_CRMN.TLSjourney"/>
  <testcase name="A_TLSwebJourney" time="28.875" classname="ACS_CRMN.TLSjourney"/>
</testsuite> <!-- ACS_CRMN.TLSjourney -->
