<?xml version="1.0" encoding="UTF-8"?>
<!-- Generated by org.testng.reporters.JUnitReportReporter -->
<testsuite hostname="jags" name="webDriver" tests="1" failures="0" timestamp="31 May 2012 22:21:22 GMT" time="4.603" errors="0">
  <testcase name="myTest" time="4.603" classname="webDriver"/>
</testsuite> <!-- webDriver -->
