<?xml version="1.0" encoding="UTF-8"?>
<!-- Generated by org.testng.reporters.JUnitReportReporter -->
<testsuite hostname="D103260" name="ACS_CRMN.WebJourney" tests="3" failures="0" timestamp="16 Aug 2012 13:58:31 GMT" time="58.122" errors="0">
  <testcase name="C_WebJourney2" time="11.598" classname="ACS_CRMN.WebJourney"/>
  <testcase name="A_WebJourney1" time="35.626" classname="ACS_CRMN.WebJourney"/>
  <testcase name="B_CheckProfile" time="10.898" classname="ACS_CRMN.WebJourney"/>
</testsuite> <!-- ACS_CRMN.WebJourney -->
