<?xml version="1.0" encoding="UTF-8"?>
<!-- Generated by org.testng.reporters.JUnitReportReporter -->
<testsuite hostname="D103260" name="ACS_CRMN.WebJourney" tests="6" failures="0" timestamp="3 Sep 2012 16:29:57 GMT" time="101.769" errors="0">
  <testcase name="D_CheckEntitlement" time="5.335" classname="ACS_CRMN.WebJourney"/>
  <testcase name="B_CheckProfile" time="10.935" classname="ACS_CRMN.WebJourney"/>
  <testcase name="A_WebJourney1" time="37.407" classname="ACS_CRMN.WebJourney"/>
  <testcase name="E_WebJourneyEdit" time="37.387" classname="ACS_CRMN.WebJourney"/>
  <testcase name="C_WebJourney2" time="10.532" classname="ACS_CRMN.WebJourney"/>
  <testcase name="G_CheckEntitlement" time="0.173" classname="ACS_CRMN.WebJourney"/>
</testsuite> <!-- ACS_CRMN.WebJourney -->
